<?xml version="1.0" encoding="UTF-8"?>
<!-- Generated by org.testng.reporters.JUnitReportReporter -->
<testsuite hostname="TarushDubale" failures="0" tests="2" name="core.AnnotationsClass" time="0.022" errors="0" timestamp="2023-12-16T07:58:03 IST" skipped="0">
  <testcase classname="core.AnnotationsClass" name="testCaseTwo" time="0.004"/>
  <system-out/>
  <testcase classname="core.AnnotationsClass" name="testCaseOne" time="0.018"/>
  <system-out/>
</testsuite> <!-- core.AnnotationsClass -->
