<?xml version="1.0" encoding="UTF-8"?>
<!-- Generated by org.testng.reporters.JUnitReportReporter -->
<testsuite hostname="TarushDubale" failures="0" tests="2" name="core.LoginTestScenario" time="7.359" errors="0" timestamp="2023-12-13T08:37:19 IST" skipped="0">
  <testcase classname="core.LoginTestScenario" name="loginTestCase" time="6.482"/>
  <system-out/>
  <testcase classname="core.LoginTestScenario" name="logoutTestCase" time="0.877"/>
  <system-out/>
</testsuite> <!-- core.LoginTestScenario -->
