<?xml version="1.0" encoding="UTF-8"?>
<!-- Generated by org.testng.reporters.JUnitReportReporter -->
<testsuite hostname="TarushDubale" failures="0" tests="5" name="test.EnableAndDisable" time="0.032" errors="0" timestamp="2023-12-16T08:21:44 IST" skipped="2">
  <testcase classname="test.EnableAndDisable" name="testCaseOne" time="0.025"/>
  <system-out/>
  <testcase classname="test.EnableAndDisable" name="testCaseTwo" time="0.003"/>
  <system-out/>
  <testcase classname="test.EnableAndDisable" name="testCaseFour" time="0.004"/>
  <system-out/>
  <testcase classname="test.EnableAndDisable" name="testCaseFive">
    <skipped/>
  </testcase> <!-- testCaseFive -->
  <system-out/>
  <testcase classname="test.EnableAndDisable" name="testCaseThree">
    <skipped/>
  </testcase> <!-- testCaseThree -->
  <system-out/>
</testsuite> <!-- test.EnableAndDisable -->
