<?xml version="1.0" encoding="UTF-8"?>
<!-- Generated by org.testng.reporters.JUnitReportReporter -->
<testsuite hostname="TarushDubale" failures="0" tests="1" name="core.Login_BeforeMethod" time="56.914" errors="0" timestamp="2023-12-12T08:16:56 IST" skipped="0">
  <testcase classname="core.Login_BeforeMethod" name="testCaseTwo" time="56.914"/>
  <system-out/>
</testsuite> <!-- core.Login_BeforeMethod -->
