<?xml version="1.0" encoding="UTF-8"?>
<!-- Generated by org.testng.reporters.JUnitReportReporter -->
<testsuite hostname="TarushDubale" failures="0" tests="1" name="test.ParameterClass" time="38.947" errors="0" timestamp="2023-12-18T08:48:53 IST" skipped="0">
  <testcase classname="test.ParameterClass" name="browserLaunch" time="38.947"/>
  <system-out/>
</testsuite> <!-- test.ParameterClass -->
