<?xml version="1.0" encoding="UTF-8"?>
<!-- Generated by org.testng.reporters.JUnitReportReporter -->
<testsuite hostname="TarushDubale" failures="0" tests="1" name="test.IfElseBrowser" time="47.334" errors="0" timestamp="2023-12-18T08:36:07 IST" skipped="0">
  <testcase classname="test.IfElseBrowser" name="browserLaunch" time="47.334"/>
  <system-out/>
</testsuite> <!-- test.IfElseBrowser -->
