<?xml version="1.0" encoding="UTF-8"?>
<!-- Generated by org.testng.reporters.JUnitReportReporter -->
<testsuite hostname="TarushDubale" failures="0" tests="3" name="core.LoginTest" time="144.272" errors="0" timestamp="2023-12-12T08:50:07 IST" skipped="0">
  <testcase classname="core.LoginTest" name="inValidUserName" time="46.703"/>
  <system-out/>
  <testcase classname="core.LoginTest" name="inValidPassword" time="47.894"/>
  <system-out/>
  <testcase classname="core.LoginTest" name="validUserNamePassword" time="49.675"/>
  <system-out/>
</testsuite> <!-- core.LoginTest -->
