<?xml version="1.0" encoding="UTF-8"?>
<!-- Generated by org.testng.reporters.JUnitReportReporter -->
<testsuite hostname="TarushDubale" failures="0" tests="2" name="test.DataProviderLogin" time="100.098" errors="0" timestamp="2023-12-19T08:58:51 IST" skipped="0">
  <testcase classname="test.DataProviderLogin" name="loginMethod" time="54.705"/>
  <system-out/>
  <testcase classname="test.DataProviderLogin" name="loginMethod" time="45.393"/>
  <system-out/>
</testsuite> <!-- test.DataProviderLogin -->
