<?xml version="1.0" encoding="UTF-8"?>
<!-- Generated by org.testng.reporters.JUnitReportReporter -->
<testsuite hostname="TarushDubale" failures="0" tests="1" name="demo.DemoTest" time="79.263" errors="0" timestamp="2023-12-17T20:00:48 IST" skipped="0">
  <testcase classname="demo.DemoTest" name="demoTest" time="79.263"/>
  <system-out/>
</testsuite> <!-- demo.DemoTest -->
