<?xml version="1.0" encoding="UTF-8"?>
<!-- Generated by org.testng.reporters.JUnitReportReporter -->
<testsuite hostname="TarushDubale" failures="0" tests="2" name="test.DataProviderClass" time="0.021" errors="0" timestamp="2023-12-19T08:45:53 IST" skipped="0">
  <testcase classname="test.DataProviderClass" name="testcase" time="0.019"/>
  <system-out/>
  <testcase classname="test.DataProviderClass" name="testcase" time="0.002"/>
  <system-out/>
</testsuite> <!-- test.DataProviderClass -->
